[01m[K/home/sharad/catkin_ws/src/tester/src/vio_pub_node.cpp:6:10:[m[K [01;31m[Kfatal error: [m[Kfilesystem: No such file or directory
 #include [01;31m[K<filesystem>[m[K
          [01;31m[K^~~~~~~~~~~~[m[K
compilation terminated.
make[2]: *** [CMakeFiles/vio_pub_node.dir/src/vio_pub_node.cpp.o] Error 1
make[1]: *** [CMakeFiles/vio_pub_node.dir/all] Error 2
make[1]: *** Waiting for unfinished jobs....
make: *** [all] Error 2
