In file included from [01m[K/opt/ros/melodic/include/ros/ros.h:40:0[m[K,
                 from [01m[K/home/sharad/catkin_ws/src/tester/src/tester_node.cpp:7[m[K:
[01m[K/home/sharad/catkin_ws/src/tester/src/tester_node.cpp:[m[K In function â€˜[01m[Kvoid vio_cb(const ConstPtr&)[m[Kâ€™:
[01m[K/home/sharad/catkin_ws/src/tester/src/tester_node.cpp:34:16:[m[K [01;35m[Kwarning: [m[Kunknown escape sequence: '\N'
       ROS_INFO([01;35m[K"[m[KPUBLISHING\N");
                [01;35m[K^[m[K
[01m[K/opt/ros/melodic/include/ros/console.h:348:165:[m[K [01;36m[Knote: [m[Kin definition of macro â€˜[01m[KROSCONSOLE_PRINT_AT_LOCATION_WITH_FILTER[m[Kâ€™
     ::ros::console::print(filter, __rosconsole_define_location__loc.logger_, __rosconsole_define_location__loc.level_, __FILE__, __LINE__, __ROSCONSOLE_FUNCTION__, [01;36m[K__VA_ARGS__[m[K)
                                                                                                                                                                     [01;36m[K^~~~~~~~~~~[m[K
[01m[K/opt/ros/melodic/include/ros/console.h:387:7:[m[K [01;36m[Knote: [m[Kin expansion of macro â€˜[01m[KROSCONSOLE_PRINT_AT_LOCATION[m[Kâ€™
       [01;36m[KROSCONSOLE_PRINT_AT_LOCATION[m[K(__VA_ARGS__); \
       [01;36m[K^~~~~~~~~~~~~~~~~~~~~~~~~~~~[m[K
[01m[K/opt/ros/melodic/include/ros/console.h:572:35:[m[K [01;36m[Knote: [m[Kin expansion of macro â€˜[01m[KROS_LOG_COND[m[Kâ€™
 #define ROS_LOG(level, name, ...) [01;36m[KROS_LOG_COND[m[K(true, level, name, __VA_ARGS__)
                                   [01;36m[K^~~~~~~~~~~~[m[K
[01m[K/opt/ros/melodic/include/rosconsole/macros_generated.h:110:23:[m[K [01;36m[Knote: [m[Kin expansion of macro â€˜[01m[KROS_LOG[m[Kâ€™
 #define ROS_INFO(...) [01;36m[KROS_LOG[m[K(::ros::console::levels::Info, ROSCONSOLE_DEFAULT_NAME, __VA_ARGS__)
                       [01;36m[K^~~~~~~[m[K
[01m[K/home/sharad/catkin_ws/src/tester/src/tester_node.cpp:34:7:[m[K [01;36m[Knote: [m[Kin expansion of macro â€˜[01m[KROS_INFO[m[Kâ€™
       [01;36m[KR[m[KOS_INFO("PUBLISHING\N");
       [01;36m[K^[m[K
[01m[K/home/sharad/catkin_ws/src/tester/src/tester_node.cpp:[m[K In function â€˜[01m[Kint main(int, char**)[m[Kâ€™:
[01m[K/home/sharad/catkin_ws/src/tester/src/tester_node.cpp:63:9:[m[K [01;31m[Kerror: [m[Kâ€˜[01m[Krate[m[Kâ€™ was not declared in this scope
         [01;31m[Krate[m[K.sleep();
         [01;31m[K^~~~[m[K
[01m[K/home/sharad/catkin_ws/src/tester/src/tester_node.cpp:63:9:[m[K [01;36m[Knote: [m[Ksuggested alternative: â€˜[01m[Kwrite[m[Kâ€™
         [01;36m[Krate[m[K.sleep();
         [01;36m[K^~~~[m[K
         [32m[Kwrite[m[K
[01m[K/home/sharad/catkin_ws/src/tester/src/tester_node.cpp:75:9:[m[K [01;31m[Kerror: [m[Kâ€˜[01m[Krate[m[Kâ€™ was not declared in this scope
         [01;31m[Krate[m[K.sleep();
         [01;31m[K^~~~[m[K
[01m[K/home/sharad/catkin_ws/src/tester/src/tester_node.cpp:75:9:[m[K [01;36m[Knote: [m[Ksuggested alternative: â€˜[01m[Kwrite[m[Kâ€™
         [01;36m[Krate[m[K.sleep();
         [01;36m[K^~~~[m[K
         [32m[Kwrite[m[K
[01m[K/home/sharad/catkin_ws/src/tester/src/tester_node.cpp:108:9:[m[K [01;31m[Kerror: [m[Kâ€˜[01m[Krate[m[Kâ€™ was not declared in this scope
         [01;31m[Krate[m[K.sleep();
         [01;31m[K^~~~[m[K
[01m[K/home/sharad/catkin_ws/src/tester/src/tester_node.cpp:108:9:[m[K [01;36m[Knote: [m[Ksuggested alternative: â€˜[01m[Kwrite[m[Kâ€™
         [01;36m[Krate[m[K.sleep();
         [01;36m[K^~~~[m[K
         [32m[Kwrite[m[K
make[2]: *** [CMakeFiles/tester_node.dir/src/tester_node.cpp.o] Error 1
make[1]: *** [CMakeFiles/tester_node.dir/all] Error 2
make: *** [all] Error 2
