[01m[K/home/sharad/catkin_ws/src/tester/src/vio_pub_node.cpp:9:21:[m[K [01;31m[Kerror: [m[Kâ€˜[01m[Kfilesystem[m[Kâ€™ is not a namespace-name
 namespace fs = std::[01;31m[Kfilesystem[m[K;
                     [01;31m[K^~~~~~~~~~[m[K
[01m[K/home/sharad/catkin_ws/src/tester/src/vio_pub_node.cpp:9:31:[m[K [01;31m[Kerror: [m[Kexpected namespace-name before â€˜[01m[K;[m[Kâ€™ token
 namespace fs = std::filesystem[01;31m[K;[m[K
                               [01;31m[K^[m[K
make[2]: *** [CMakeFiles/vio_pub_node.dir/src/vio_pub_node.cpp.o] Error 1
make[1]: *** [CMakeFiles/vio_pub_node.dir/all] Error 2
make: *** [all] Error 2
