[01m[K/home/sharad/catkin_ws/src/tester/src/tester_node.cpp:30:18:[m[K [01;31m[Kerror: [m[Kexpected identifier before numeric constant
   ros::Rate rate([01;31m[K20.0[m[K);
                  [01;31m[K^~~~[m[K
[01m[K/home/sharad/catkin_ws/src/tester/src/tester_node.cpp:30:18:[m[K [01;31m[Kerror: [m[Kexpected â€˜[01m[K,[m[Kâ€™ or â€˜[01m[K...[m[Kâ€™ before numeric constant
[01m[K/home/sharad/catkin_ws/src/tester/src/tester_node.cpp:[m[K In constructor â€˜[01m[KMavrosToPx4::MavrosToPx4()[m[Kâ€™:
[01m[K/home/sharad/catkin_ws/src/tester/src/tester_node.cpp:42:42:[m[K [01;31m[Kerror: [m[Kinvalid use of non-static member function â€˜[01m[Kvoid MavrosToPx4::state_cb(const ConstPtr&)[m[Kâ€™
             ("mavros/state", 10, state_cb[01;31m[K)[m[K;
                                          [01;31m[K^[m[K
[01m[K/home/sharad/catkin_ws/src/tester/src/tester_node.cpp:27:8:[m[K [01;36m[Knote: [m[Kdeclared here
   void [01;36m[Kstate_cb[m[K(const mavros_msgs::State::ConstPtr& msg);
        [01;36m[K^~~~~~~~[m[K
[01m[K/home/sharad/catkin_ws/src/tester/src/tester_node.cpp:47:35:[m[K [01;31m[Kerror: [m[Kinvalid use of non-static member function â€˜[01m[Kvoid MavrosToPx4::vio_cb(const ConstPtr&)[m[Kâ€™
             ("/vio_odom",10,vio_cb[01;31m[K)[m[K;
                                   [01;31m[K^[m[K
[01m[K/home/sharad/catkin_ws/src/tester/src/tester_node.cpp:28:8:[m[K [01;36m[Knote: [m[Kdeclared here
   void [01;36m[Kvio_cb[m[K(const nav_msgs::Odometry::ConstPtr& msg);
        [01;36m[K^~~~~~[m[K
[01m[K/home/sharad/catkin_ws/src/tester/src/tester_node.cpp:[m[K In member function â€˜[01m[Kvoid MavrosToPx4::OffBoardandArmVehicle()[m[Kâ€™:
[01m[K/home/sharad/catkin_ws/src/tester/src/tester_node.cpp:69:9:[m[K [01;31m[Kerror: [m[Kinvalid use of member function â€˜[01m[Kros::Rate MavrosToPx4::rate(int)[m[Kâ€™ (did you forget the â€˜[01m[K()[m[Kâ€™ ?)
         [01;31m[Krate[m[K.sleep();
         [01;31m[K^~~~[m[K
[01m[K/home/sharad/catkin_ws/src/tester/src/tester_node.cpp:81:9:[m[K [01;31m[Kerror: [m[Kinvalid use of member function â€˜[01m[Kros::Rate MavrosToPx4::rate(int)[m[Kâ€™ (did you forget the â€˜[01m[K()[m[Kâ€™ ?)
         [01;31m[Krate[m[K.sleep();
         [01;31m[K^~~~[m[K
[01m[K/home/sharad/catkin_ws/src/tester/src/tester_node.cpp:114:9:[m[K [01;31m[Kerror: [m[Kinvalid use of member function â€˜[01m[Kros::Rate MavrosToPx4::rate(int)[m[Kâ€™ (did you forget the â€˜[01m[K()[m[Kâ€™ ?)
         [01;31m[Krate[m[K.sleep();
         [01;31m[K^~~~[m[K
make[2]: *** [CMakeFiles/tester_node.dir/src/tester_node.cpp.o] Error 1
make[1]: *** [CMakeFiles/tester_node.dir/all] Error 2
make: *** [all] Error 2
